{"uuid":"711bc9cb-85a4-45d5-b2c3-6a957a2ee824","historyId":"6e2b49f8db9173f571b3cdef96449a24","fullName":"io.cucumber.testng.AbstractTestNGCucumberTests.runScenario","labels":[{"name":"package","value":"com.demo.runners.TestRunnerDemo"},{"name":"testClass","value":"com.demo.runners.TestRunnerDemo"},{"name":"testMethod","value":"runScenario"},{"name":"parentSuite","value":"Default Suite"},{"name":"suite","value":"Demo"},{"name":"subSuite","value":"com.demo.runners.TestRunnerDemo"},{"name":"host","value":"Admin-PC"},{"name":"thread","value":"3940@Admin-PC.main(1)"},{"name":"framework","value":"testng"},{"name":"language","value":"java"}],"links":[],"name":"Runs Cucumber Scenarios","status":"failed","statusDetails":{"known":false,"muted":false,"flaky":false,"message":"error msg sai nội dung expected [Email ID must not be blank] but found [Email ID is not valid]","trace":"java.lang.AssertionError: error msg sai nội dung expected [Email ID must not be blank] but found [Email ID is not valid]\r\n\tat org.testng.Assert.fail(Assert.java:111)\r\n\tat org.testng.Assert.failNotEquals(Assert.java:1578)\r\n\tat org.testng.Assert.assertEqualsImpl(Assert.java:150)\r\n\tat org.testng.Assert.assertEquals(Assert.java:132)\r\n\tat org.example.keywords.WebUI.verifyEquals(WebUI.java:70)\r\n\tat com.demo.pages.DemoPage.verifyErrorMsgPresent(DemoPage.java:54)\r\n\tat com.demo.stepdefinitions.DemoPage.StepDemo.alertMessageShouldBeDisplay(StepDemo.java:31)\r\n\tat ✽.Alert message \"Email ID must not be blank\" should be display(file:///C:/Auto/DemoSelenium/Demo/src/test/resources/features/Demo/Demo.feature:19)\r\n"},"stage":"finished","steps":[],"attachments":[],"parameters":[{"name":"arg1","value":"\"Demo for POC\""},{"name":"arg0","value":"\"TC3 Verify failed test case\""}],"start":1769483635792,"stop":1769483644564}